SF:lib\app\core\platform\network_info.dart
DA:8,1
DA:12,1
DA:13,2
LF:3
LH:3
end_of_record
SF:lib\app\features\number_trivia\data\datasources\number_trivia_local_data_source.dart
DA:11,0
DA:15,0
DA:18,0
DA:21,0
DA:24,0
LF:5
LH:0
end_of_record
SF:lib\app\features\number_trivia\data\models\number_trivia_model.dart
DA:4,3
DA:6,1
DA:7,1
DA:8,1
DA:9,2
DA:13,1
DA:14,1
DA:15,1
DA:16,1
LF:9
LH:9
end_of_record
SF:lib\app\features\number_trivia\domain\entities\number_trivia.dart
DA:4,5
DA:12,1
DA:13,3
LF:3
LH:3
end_of_record
SF:lib\app\core\error\failures.dart
DA:4,1
DA:8,1
DA:9,2
LF:3
LH:3
end_of_record
SF:lib\app\features\number_trivia\data\repositories\number_trivia_repository_imp.dart
DA:11,1
DA:21,1
DA:25,2
DA:28,2
DA:29,2
DA:31,1
DA:32,1
DA:33,2
DA:37,2
DA:39,1
DA:40,1
DA:41,2
DA:46,1
DA:48,2
DA:50,2
DA:51,2
DA:53,1
DA:54,1
DA:55,2
DA:59,2
DA:61,1
DA:62,1
DA:63,2
LF:23
LH:23
end_of_record
SF:lib\app\features\number_trivia\domain\usecases\get_concrete_number_trivia.dart
DA:10,1
DA:14,0
DA:15,0
DA:18,1
DA:20,3
DA:25,1
DA:29,0
DA:30,0
LF:8
LH:4
end_of_record
SF:lib\app\core\usecases\usecase.dart
DA:11,0
DA:12,0
LF:2
LH:0
end_of_record
SF:lib\app\features\number_trivia\domain\usecases\get_random_number_trivia.dart
DA:9,1
DA:13,1
DA:15,2
LF:3
LH:3
end_of_record
